<?xml version="1.0" encoding="UTF-8"?>
<!--
  #%L
  Integration tests
  %%
  Copyright (C) 2009 - 2012 Patentstyret
  %%
  This program is free software: you can redistribute it and/or modify
  it under the terms of the GNU General Public License as
  published by the Free Software Foundation, either version 3 of the 
  License, or (at your option) any later version.
  
  This program is distributed in the hope that it will be useful,
  but WITHOUT ANY WARRANTY; without even the implied warranty of
  MERCHANTABILITY or FITNESS FOR A PARTICULAR PURPOSE.  See the
  GNU General Public License for more details.
  
  You should have received a copy of the GNU General Public 
  License along with this program.  If not, see
  <http://www.gnu.org/licenses/gpl-3.0.html>.
  #L%
  -->

<beans xmlns="http://www.springframework.org/schema/beans" xmlns:xsi="http://www.w3.org/2001/XMLSchema-instance"
	xmlns:util="http://www.springframework.org/schema/util"
	xsi:schemaLocation="http://www.springframework.org/schema/beans http://www.springframework.org/schema/beans/spring-beans.xsd
		http://www.springframework.org/schema/util http://www.springframework.org/schema/util/spring-util.xsd">

	<bean id="dataSource" class="oracle.jdbc.pool.OracleDataSource">
		<property name="driverType" value="thin" />
		<property name="serverName" value="ux-001.patentstyret.no" />
		<property name="portNumber" value="1521" />
		<property name="databaseName" value="altut" />
		<property name="user" value="altut_utv" />
		<property name="password" value="altut_utv" />
	</bean>

	<util:properties id="hibernateProperties">
		<prop key="hibernate.bytecode.use_reflection_optimizer">false</prop>
		<prop key="hibernate.dialect">org.hibernate.dialect.Oracle10gDialect</prop>
		<prop key="show_sql">true</prop>
		<prop key="hibernate.query.factory_class">org.hibernate.hql.classic.ClassicQueryTranslatorFactory</prop>
		<prop key="hibernate.cache.use_second_level_cache">true</prop>
		<prop key="hibernate.cache.use_query_cache">true</prop>
		<prop key="hibernate.cache.region.factory_class">net.sf.ehcache.hibernate.SingletonEhCacheRegionFactory</prop>
	</util:properties>

	<bean id="altinnEndpointAddress" class="java.lang.String">
		<constructor-arg value="https://tt02.altinn.basefarm.net/ServiceEngineExternal/CorrespondenceAgencyExternalBasic.svc" />
	</bean>
</beans>